<?xml version="1.0" encoding="UTF-8"?>
<testsuite xmlns:xsi="http://www.w3.org/2001/XMLSchema-instance" xsi:noNamespaceSchemaLocation="https://maven.apache.org/surefire/maven-surefire-plugin/xsd/surefire-test-report.xsd" name="RadioTest" time="0.098" tests="14" errors="0" skipped="0" failures="0">
  <properties>
[...]
</properties>
  <testcase name="testPrevButton1" classname="RadioTest" time="0.056"/>
  <testcase name="testPrevButton2" classname="RadioTest" time="0.002"/>
  <testcase name="testPrevButton3" classname="RadioTest" time="0.001"/>
  <testcase name="testVolumePlusOne1" classname="RadioTest" time="0.001"/>
  <testcase name="testVolumePlusOne2" classname="RadioTest" time="0.002"/>
  <testcase name="testVolumePlusOne3" classname="RadioTest" time="0.001"/>
  <testcase name="testVolumeMinusOne1" classname="RadioTest" time="0.002"/>
  <testcase name="testVolumeMinusOne2" classname="RadioTest" time="0.001"/>
  <testcase name="testVolumeMinusOne3" classname="RadioTest" time="0.001"/>
  <testcase name="testVolumeMinusOne4" classname="RadioTest" time="0.001"/>
  <testcase name="testNextButton1" classname="RadioTest" time="0.001"/>
  <testcase name="testNextButton2" classname="RadioTest" time="0.002"/>
  <testcase name="testNextButton3" classname="RadioTest" time="0"/>
  <testcase name="testDirectReference" classname="RadioTest" time="0.002"/>
</testsuite>